<?xml version="1.0" encoding="UTF-8"?>
<testsuite xmlns:xsi="http://www.w3.org/2001/XMLSchema-instance" xsi:noNamespaceSchemaLocation="https://maven.apache.org/surefire/maven-surefire-plugin/xsd/surefire-test-report-3.0.xsd" version="3.0" name="org.csystem.app.gis.wiki.geonames.GeonamesWikiSearchServiceTest" time="6.538" tests="1" errors="0" skipped="0" failures="0">
  <properties>
[...]
</properties>
  <testcase name="givenQueryText_whenPlace_thenReturnsExpected" classname="org.csystem.app.gis.wiki.geonames.GeonamesWikiSearchServiceTest" time="1.997">
    <system-out><![CDATA[19:47:48.046 [main] INFO org.springframework.test.context.support.AnnotationConfigContextLoaderUtils -- Could not detect default configuration classes for test class [org.csystem.app.gis.wiki.geonames.GeonamesWikiSearchServiceTest]: GeonamesWikiSearchServiceTest does not declare any static, non-private, non-final, nested classes annotated with @Configuration.
19:47:48.326 [main] INFO org.springframework.boot.test.context.SpringBootTestContextBootstrapper -- Found @SpringBootConfiguration org.csystem.app.gis.wiki.geonames.GeonamesWikiSearchServiceTest for test class org.csystem.app.gis.wiki.geonames.GeonamesWikiSearchServiceTest

  .   ____          _            __ _ _
 /\\ / ___'_ __ _ _(_)_ __  __ _ \ \ \ \
( ( )\___ | '_ | '_| | '_ \/ _` | \ \ \ \
 \\/  ___)| |_)| | | | | || (_| |  ) ) ) )
  '  |____| .__|_| |_|_| |_\__, | / / / /
 =========|_|==============|___/=/_/_/_/

 :: Spring Boot ::                (v3.3.3)

2024-09-25T19:47:49.874+03:00  INFO 10672 --- [           main] .c.a.g.w.g.GeonamesWikiSearchServiceTest : Starting GeonamesWikiSearchServiceTest using Java 21.0.1 with PID 10672 (started by Hp in D:\Repositories\JavaApp2-Jan-2024\src\Projects\GeoWikiSearchSystem\GeonamesWikiSearchServiceLib)
2024-09-25T19:47:49.877+03:00  INFO 10672 --- [           main] .c.a.g.w.g.GeonamesWikiSearchServiceTest : No active profile set, falling back to 1 default profile: "default"
2024-09-25T19:47:51.959+03:00  INFO 10672 --- [           main] .c.a.g.w.g.GeonamesWikiSearchServiceTest : Started GeonamesWikiSearchServiceTest in 3.03 seconds (process running for 6.314)
]]></system-out>
    <system-err><![CDATA[WARNING: A Java agent has been loaded dynamically (C:\Users\Hp\.m2\repository\net\bytebuddy\byte-buddy-agent\1.14.19\byte-buddy-agent-1.14.19.jar)
WARNING: If a serviceability tool is in use, please run with -XX:+EnableDynamicAgentLoading to hide this warning
WARNING: If a serviceability tool is not in use, please run with -Djdk.instrument.traceUsage for more information
WARNING: Dynamic loading of agents will be disallowed by default in a future release
]]></system-err>
  </testcase>
</testsuite>