<?xml version="1.0" encoding="UTF-8"?>
<testsuite xmlns:xsi="http://www.w3.org/2001/XMLSchema-instance" xsi:noNamespaceSchemaLocation="https://maven.apache.org/surefire/maven-surefire-plugin/xsd/surefire-test-report-3.0.xsd" version="3.0" name="org.csystem.app.gis.wiki.data.repository.WikiSearchInfoTest" time="16.277" tests="1" errors="0" skipped="0" failures="0">
  <properties>
[...]
</properties>
  <testcase name="test" classname="org.csystem.app.gis.wiki.data.repository.WikiSearchInfoTest" time="2.762">
    <system-out><![CDATA[20:42:41.307 [main] INFO org.springframework.test.context.support.AnnotationConfigContextLoaderUtils -- Could not detect default configuration classes for test class [org.csystem.app.gis.wiki.data.repository.WikiSearchInfoTest]: WikiSearchInfoTest does not declare any static, non-private, non-final, nested classes annotated with @Configuration.
20:42:41.783 [main] INFO org.springframework.boot.test.context.SpringBootTestContextBootstrapper -- Found @SpringBootConfiguration org.csystem.app.gis.wiki.data.repository.WikiSearchInfoTest for test class org.csystem.app.gis.wiki.data.repository.WikiSearchInfoTest

  .   ____          _            __ _ _
 /\\ / ___'_ __ _ _(_)_ __  __ _ \ \ \ \
( ( )\___ | '_ | '_| | '_ \/ _` | \ \ \ \
 \\/  ___)| |_)| | | | | || (_| |  ) ) ) )
  '  |____| .__|_| |_|_| |_\__, | / / / /
 =========|_|==============|___/=/_/_/_/

 :: Spring Boot ::                (v3.3.3)

2024-10-09T20:42:43.033+03:00  INFO 17768 --- [           main] o.c.a.g.w.d.r.WikiSearchInfoTest         : Starting WikiSearchInfoTest using Java 21.0.1 with PID 17768 (started by Hp in D:\Repositories\JavaApp2-Jan-2024\src\Projects\GeoWikiSearchSystem\GeoRepositoryLib)
2024-10-09T20:42:43.040+03:00  INFO 17768 --- [           main] o.c.a.g.w.d.r.WikiSearchInfoTest         : No active profile set, falling back to 1 default profile: "default"
2024-10-09T20:42:44.800+03:00  INFO 17768 --- [           main] .s.d.r.c.RepositoryConfigurationDelegate : Bootstrapping Spring Data JPA repositories in DEFAULT mode.
2024-10-09T20:42:44.936+03:00  INFO 17768 --- [           main] .s.d.r.c.RepositoryConfigurationDelegate : Finished Spring Data repository scanning in 113 ms. Found 2 JPA repository interfaces.
2024-10-09T20:42:46.930+03:00  INFO 17768 --- [           main] o.hibernate.jpa.internal.util.LogHelper  : HHH000204: Processing PersistenceUnitInfo [name: default]
2024-10-09T20:42:47.152+03:00  INFO 17768 --- [           main] org.hibernate.Version                    : HHH000412: Hibernate ORM core version 6.5.2.Final
2024-10-09T20:42:47.261+03:00  INFO 17768 --- [           main] o.h.c.internal.RegionFactoryInitiator    : HHH000026: Second-level cache disabled
2024-10-09T20:42:48.136+03:00  INFO 17768 --- [           main] o.s.o.j.p.SpringPersistenceUnitInfo      : No LoadTimeWeaver setup: ignoring JPA class transformer
2024-10-09T20:42:48.216+03:00  INFO 17768 --- [           main] com.zaxxer.hikari.HikariDataSource       : HikariPool-1 - Starting...
2024-10-09T20:42:48.641+03:00  INFO 17768 --- [           main] com.zaxxer.hikari.pool.HikariPool        : HikariPool-1 - Added connection conn0: url=jdbc:h2:mem:japp2j24_geowikisearchdb_repository_unittest user=SA
2024-10-09T20:42:48.644+03:00  INFO 17768 --- [           main] com.zaxxer.hikari.HikariDataSource       : HikariPool-1 - Start completed.
2024-10-09T20:42:48.706+03:00  WARN 17768 --- [           main] org.hibernate.orm.deprecation            : HHH90000025: H2Dialect does not need to be specified explicitly using 'hibernate.dialect' (remove the property setting and it will be selected by default)
2024-10-09T20:42:51.060+03:00  INFO 17768 --- [           main] o.h.e.t.j.p.i.JtaPlatformInitiator       : HHH000489: No JTA platform available (set 'hibernate.transaction.jta.platform' to enable JTA platform integration)
2024-10-09T20:42:51.158+03:00  INFO 17768 --- [           main] j.LocalContainerEntityManagerFactoryBean : Initialized JPA EntityManagerFactory for persistence unit 'default'
2024-10-09T20:42:52.155+03:00  INFO 17768 --- [           main] o.s.d.j.r.query.QueryEnhancerFactory     : Hibernate is in classpath; If applicable, HQL parser will be used.
2024-10-09T20:42:54.093+03:00  INFO 17768 --- [           main] o.c.a.g.w.d.r.WikiSearchInfoTest         : Started WikiSearchInfoTest in 11.708 seconds (process running for 15.501)
]]></system-out>
    <system-err><![CDATA[WARNING: A Java agent has been loaded dynamically (C:\Users\Hp\.m2\repository\net\bytebuddy\byte-buddy-agent\1.14.19\byte-buddy-agent-1.14.19.jar)
WARNING: If a serviceability tool is in use, please run with -XX:+EnableDynamicAgentLoading to hide this warning
WARNING: If a serviceability tool is not in use, please run with -Djdk.instrument.traceUsage for more information
WARNING: Dynamic loading of agents will be disallowed by default in a future release
]]></system-err>
  </testcase>
</testsuite>