<?xml version="1.0" encoding="UTF-8"?>
<testsuite xmlns:xsi="http://www.w3.org/2001/XMLSchema-instance" xsi:noNamespaceSchemaLocation="https://maven.apache.org/surefire/maven-surefire-plugin/xsd/surefire-test-report-3.0.xsd" version="3.0" name="com.karandev.util.net.TcpUtilSendReceiveStringTest" time="0.001" tests="1" errors="0" skipped="1" failures="0">
  <properties/>
  <testcase name="test" classname="com.karandev.util.net.TcpUtilSendReceiveStringTest" time="0.0">
    <skipped message="Tested before"/>
  </testcase>
</testsuite>