<?xml version="1.0" encoding="UTF-8"?>
<testsuite xmlns:xsi="http://www.w3.org/2001/XMLSchema-instance" xsi:noNamespaceSchemaLocation="https://maven.apache.org/surefire/maven-surefire-plugin/xsd/surefire-test-report-3.0.xsd" version="3.0" name="org.csystem.payment.server.data.ServerRepositorySaveTest" time="0.124" tests="1" errors="0" skipped="0" failures="0">
  <properties>
[...]
</properties>
  <testcase name="test" classname="org.csystem.payment.server.data.ServerRepositorySaveTest" time="0.052">
    <system-out><![CDATA[2024-07-10T21:30:26.550+03:00  INFO 16592 --- [           main] t.c.s.AnnotationConfigContextLoaderUtils : Could not detect default configuration classes for test class [org.csystem.payment.server.data.ServerRepositorySaveTest]: ServerRepositorySaveTest does not declare any static, non-private, non-final, nested classes annotated with @Configuration.
2024-07-10T21:30:26.552+03:00  INFO 16592 --- [           main] .b.t.c.SpringBootTestContextBootstrapper : Found @SpringBootConfiguration org.csystem.payment.server.data.ServerRepositoryFindByIdTest for test class org.csystem.payment.server.data.ServerRepositorySaveTest
]]></system-out>
  </testcase>
</testsuite>